[18:56:22] [main/INFO]: Setting user: ForgeDevName
[18:56:24] [Client thread/INFO]: LWJGL Version: 2.9.1
[18:56:33] [Client thread/INFO]: Reloading ResourceManager: Default, FMLFileResourcePack:Forge Mod Loader, FMLFileResourcePack:Minecraft Forge, FMLFileResourcePack:CreepTech
[18:56:34] [Sound Library Loader/INFO]: Sound engine started
[18:56:41] [Client thread/INFO]: Created: 512x256 textures/blocks-atlas
[18:56:41] [Client thread/ERROR]: Using missing texture, unable to load ct:textures/items/itemCreepLeaf.png
java.io.FileNotFoundException: ct:textures/items/itemCreepLeaf.png
	at net.minecraft.client.resources.FallbackResourceManager.getResource(FallbackResourceManager.java:65) ~[FallbackResourceManager.class:?]
	at net.minecraft.client.resources.SimpleReloadableResourceManager.getResource(SimpleReloadableResourceManager.java:67) ~[SimpleReloadableResourceManager.class:?]
	at net.minecraft.client.renderer.texture.TextureMap.loadTextureAtlas(TextureMap.java:126) [TextureMap.class:?]
	at net.minecraft.client.renderer.texture.TextureMap.loadTexture(TextureMap.java:91) [TextureMap.class:?]
	at net.minecraft.client.renderer.texture.TextureManager.loadTexture(TextureManager.java:89) [TextureManager.class:?]
	at net.minecraft.client.renderer.texture.TextureManager.loadTickableTexture(TextureManager.java:71) [TextureManager.class:?]
	at net.minecraft.client.renderer.texture.TextureManager.loadTextureMap(TextureManager.java:58) [TextureManager.class:?]
	at net.minecraft.client.Minecraft.startGame(Minecraft.java:593) [Minecraft.class:?]
	at net.minecraft.client.Minecraft.run(Minecraft.java:941) [Minecraft.class:?]
	at net.minecraft.client.main.Main.main(Main.java:164) [Main.class:?]
	at sun.reflect.NativeMethodAccessorImpl.invoke0(Native Method) ~[?:1.7.0_65]
	at sun.reflect.NativeMethodAccessorImpl.invoke(NativeMethodAccessorImpl.java:57) ~[?:1.7.0_65]
	at sun.reflect.DelegatingMethodAccessorImpl.invoke(DelegatingMethodAccessorImpl.java:43) ~[?:1.7.0_65]
	at java.lang.reflect.Method.invoke(Method.java:606) ~[?:1.7.0_65]
	at net.minecraft.launchwrapper.Launch.launch(Launch.java:135) [launchwrapper-1.11.jar:?]
	at net.minecraft.launchwrapper.Launch.main(Launch.java:28) [launchwrapper-1.11.jar:?]
	at sun.reflect.NativeMethodAccessorImpl.invoke0(Native Method) ~[?:1.7.0_65]
	at sun.reflect.NativeMethodAccessorImpl.invoke(NativeMethodAccessorImpl.java:57) ~[?:1.7.0_65]
	at sun.reflect.DelegatingMethodAccessorImpl.invoke(DelegatingMethodAccessorImpl.java:43) ~[?:1.7.0_65]
	at java.lang.reflect.Method.invoke(Method.java:606) ~[?:1.7.0_65]
	at GradleStart.bounce(GradleStart.java:107) [start/:?]
	at GradleStart.startClient(GradleStart.java:100) [start/:?]
	at GradleStart.main(GradleStart.java:55) [start/:?]
	at sun.reflect.NativeMethodAccessorImpl.invoke0(Native Method) ~[?:1.7.0_65]
	at sun.reflect.NativeMethodAccessorImpl.invoke(NativeMethodAccessorImpl.java:57) ~[?:1.7.0_65]
	at sun.reflect.DelegatingMethodAccessorImpl.invoke(DelegatingMethodAccessorImpl.java:43) ~[?:1.7.0_65]
	at java.lang.reflect.Method.invoke(Method.java:606) ~[?:1.7.0_65]
	at com.intellij.rt.execution.application.AppMain.main(AppMain.java:134) [idea_rt.jar:?]
[18:56:41] [Client thread/INFO]: Created: 256x256 textures/items-atlas
[18:56:41] [Client thread/INFO]: Reloading ResourceManager: Default, FMLFileResourcePack:Forge Mod Loader, FMLFileResourcePack:Minecraft Forge, FMLFileResourcePack:CreepTech
[18:56:41] [Client thread/ERROR]: Using missing texture, unable to load ct:textures/items/itemCreepLeaf.png
java.io.FileNotFoundException: ct:textures/items/itemCreepLeaf.png
	at net.minecraft.client.resources.FallbackResourceManager.getResource(FallbackResourceManager.java:65) ~[FallbackResourceManager.class:?]
	at net.minecraft.client.resources.SimpleReloadableResourceManager.getResource(SimpleReloadableResourceManager.java:67) ~[SimpleReloadableResourceManager.class:?]
	at net.minecraft.client.renderer.texture.TextureMap.loadTextureAtlas(TextureMap.java:126) [TextureMap.class:?]
	at net.minecraft.client.renderer.texture.TextureMap.loadTexture(TextureMap.java:91) [TextureMap.class:?]
	at net.minecraft.client.renderer.texture.TextureManager.loadTexture(TextureManager.java:89) [TextureManager.class:?]
	at net.minecraft.client.renderer.texture.TextureManager.onResourceManagerReload(TextureManager.java:170) [TextureManager.class:?]
	at net.minecraft.client.resources.SimpleReloadableResourceManager.notifyReloadListeners(SimpleReloadableResourceManager.java:134) [SimpleReloadableResourceManager.class:?]
	at net.minecraft.client.resources.SimpleReloadableResourceManager.reloadResources(SimpleReloadableResourceManager.java:118) [SimpleReloadableResourceManager.class:?]
	at net.minecraft.client.Minecraft.refreshResources(Minecraft.java:653) [Minecraft.class:?]
	at cpw.mods.fml.client.FMLClientHandler.finishMinecraftLoading(FMLClientHandler.java:303) [FMLClientHandler.class:?]
	at net.minecraft.client.Minecraft.startGame(Minecraft.java:596) [Minecraft.class:?]
	at net.minecraft.client.Minecraft.run(Minecraft.java:941) [Minecraft.class:?]
	at net.minecraft.client.main.Main.main(Main.java:164) [Main.class:?]
	at sun.reflect.NativeMethodAccessorImpl.invoke0(Native Method) ~[?:1.7.0_65]
	at sun.reflect.NativeMethodAccessorImpl.invoke(NativeMethodAccessorImpl.java:57) ~[?:1.7.0_65]
	at sun.reflect.DelegatingMethodAccessorImpl.invoke(DelegatingMethodAccessorImpl.java:43) ~[?:1.7.0_65]
	at java.lang.reflect.Method.invoke(Method.java:606) ~[?:1.7.0_65]
	at net.minecraft.launchwrapper.Launch.launch(Launch.java:135) [launchwrapper-1.11.jar:?]
	at net.minecraft.launchwrapper.Launch.main(Launch.java:28) [launchwrapper-1.11.jar:?]
	at sun.reflect.NativeMethodAccessorImpl.invoke0(Native Method) ~[?:1.7.0_65]
	at sun.reflect.NativeMethodAccessorImpl.invoke(NativeMethodAccessorImpl.java:57) ~[?:1.7.0_65]
	at sun.reflect.DelegatingMethodAccessorImpl.invoke(DelegatingMethodAccessorImpl.java:43) ~[?:1.7.0_65]
	at java.lang.reflect.Method.invoke(Method.java:606) ~[?:1.7.0_65]
	at GradleStart.bounce(GradleStart.java:107) [start/:?]
	at GradleStart.startClient(GradleStart.java:100) [start/:?]
	at GradleStart.main(GradleStart.java:55) [start/:?]
	at sun.reflect.NativeMethodAccessorImpl.invoke0(Native Method) ~[?:1.7.0_65]
	at sun.reflect.NativeMethodAccessorImpl.invoke(NativeMethodAccessorImpl.java:57) ~[?:1.7.0_65]
	at sun.reflect.DelegatingMethodAccessorImpl.invoke(DelegatingMethodAccessorImpl.java:43) ~[?:1.7.0_65]
	at java.lang.reflect.Method.invoke(Method.java:606) ~[?:1.7.0_65]
	at com.intellij.rt.execution.application.AppMain.main(AppMain.java:134) [idea_rt.jar:?]
[18:56:42] [Client thread/INFO]: Created: 256x256 textures/items-atlas
[18:56:42] [Client thread/INFO]: Created: 512x256 textures/blocks-atlas
[18:56:43] [Sound Library Loader/INFO]: Sound engine started
[18:56:54] [Server thread/INFO]: Starting integrated minecraft server version 1.7.10
[18:56:54] [Server thread/INFO]: Generating keypair
[18:56:55] [Server thread/INFO]: Preparing start region for level 0
[18:56:56] [Server thread/INFO]: Preparing spawn area: 13%
[18:56:57] [Server thread/INFO]: Preparing spawn area: 92%
[18:56:57] [Server thread/INFO]: Changing view distance to 2, from 10
[18:56:58] [Server thread/INFO]: ForgeDevName[local:E:e7cd1a35] logged in with entity id 315 at (-239.02565763286194, 63.0, 51.911809236357804)
[18:56:58] [Server thread/INFO]: ForgeDevName joined the game
[18:57:53] [Server thread/INFO]: [ForgeDevName: Set the time to 0]
[18:57:53] [Client thread/INFO]: [CHAT] Set the time to 0
[18:59:59] [Server thread/INFO]: Saving and pausing game...
[19:00:00] [Server thread/INFO]: Saving chunks for level 'TestyWorld'/Overworld
[19:00:00] [Server thread/INFO]: Saving chunks for level 'TestyWorld'/Nether
[19:00:00] [Server thread/INFO]: Saving chunks for level 'TestyWorld'/The End
[19:00:01] [Server thread/INFO]: Stopping server
[19:00:01] [Server thread/INFO]: Saving players
[19:00:01] [Server thread/INFO]: Saving worlds
[19:00:01] [Server thread/INFO]: Saving chunks for level 'TestyWorld'/Overworld
[19:00:01] [Server thread/INFO]: Saving chunks for level 'TestyWorld'/Nether
[19:00:01] [Server thread/INFO]: Saving chunks for level 'TestyWorld'/The End
[19:02:08] [Server thread/INFO]: Starting integrated minecraft server version 1.7.10
[19:02:08] [Server thread/INFO]: Generating keypair
[19:02:09] [Server thread/INFO]: Preparing start region for level 0
[19:02:10] [Server thread/INFO]: Changing view distance to 2, from 10
[19:02:10] [Server thread/INFO]: ForgeDevName[local:E:707413be] logged in with entity id 6854 at (-233.50530439323367, 68.6147764158702, 43.30000001192092)
[19:02:10] [Server thread/INFO]: ForgeDevName joined the game
[19:09:04] [Server thread/INFO]: Saving and pausing game...
[19:09:04] [Server thread/INFO]: Saving chunks for level 'TestyWorld'/Overworld
[19:09:04] [Server thread/INFO]: Saving chunks for level 'TestyWorld'/Nether
[19:09:04] [Server thread/INFO]: Saving chunks for level 'TestyWorld'/The End
[19:09:05] [Server thread/INFO]: Stopping server
[19:09:05] [Server thread/INFO]: Saving players
[19:09:05] [Server thread/INFO]: Saving worlds
[19:09:05] [Server thread/INFO]: Saving chunks for level 'TestyWorld'/Overworld
[19:09:05] [Server thread/INFO]: Saving chunks for level 'TestyWorld'/Nether
[19:09:05] [Server thread/INFO]: Saving chunks for level 'TestyWorld'/The End
[19:09:06] [Client thread/INFO]: Stopping!
